<?xml version="1.0" encoding="UTF-8"?>
<!-- Generated by org.testng.reporters.JUnitReportReporter -->
<testsuite skipped="0" hostname="INBLL000516" name="com.psl.OpenCart.Tests.TestModules" tests="16" failures="0" timestamp="2022-01-31T16:06:56 IST" time="58.992" errors="0">
  <testcase name="validateContactformValid" time="3.634" classname="com.psl.OpenCart.Tests.TestModules"/>
  <system-out/>
  <testcase name="validateContactformInvalid" time="1.684" classname="com.psl.OpenCart.Tests.TestModules"/>
  <system-out/>
  <testcase name="validateLoginInvalidCred" time="2.181" classname="com.psl.OpenCart.Tests.TestModules"/>
  <system-out/>
  <testcase name="validateLoginBlankCred" time="1.541" classname="com.psl.OpenCart.Tests.TestModules"/>
  <system-out/>
  <testcase name="validateLoginValidCred" time="1.714" classname="com.psl.OpenCart.Tests.TestModules"/>
  <system-out/>
  <testcase name="validateCurrencyEurofunc" time="0.780" classname="com.psl.OpenCart.Tests.TestModules"/>
  <system-out/>
  <testcase name="validateCurrencyPoundfunc" time="0.732" classname="com.psl.OpenCart.Tests.TestModules"/>
  <system-out/>
  <testcase name="validateCurrencyUSDollarfunc" time="0.782" classname="com.psl.OpenCart.Tests.TestModules"/>
  <system-out/>
  <testcase name="searchFunction" time="3.581" classname="com.psl.OpenCart.Tests.TestModules"/>
  <system-out/>
  <testcase name="validatePhonesAndPDAsfunc" time="0.750" classname="com.psl.OpenCart.Tests.TestModules"/>
  <system-out/>
  <testcase name="validatePhoneSelectfunc" time="31.366" classname="com.psl.OpenCart.Tests.TestModules"/>
  <system-out/>
  <testcase name="validateShoppingCartEmpty" time="1.229" classname="com.psl.OpenCart.Tests.TestModules"/>
  <system-out/>
  <testcase name="validateShoppingCartPFUpdateFunc" time="4.850" classname="com.psl.OpenCart.Tests.TestModules"/>
  <system-out/>
  <testcase name="validateShoppingCartRemoveFunc" time="0.520" classname="com.psl.OpenCart.Tests.TestModules"/>
  <system-out/>
  <testcase name="validateEditAccInfoValid" time="3.002" classname="com.psl.OpenCart.Tests.TestModules"/>
  <system-out/>
  <testcase name="LogoutFunction" time="0.646" classname="com.psl.OpenCart.Tests.TestModules"/>
  <system-out/>
</testsuite> <!-- com.psl.OpenCart.Tests.TestModules -->
