<?xml version="1.0" encoding="UTF-8"?>
<!-- Generated by org.testng.reporters.JUnitReportReporter -->
<testsuite skipped="7" hostname="INBLL000516" name="com.psl.OpenCart.Tests.FinalTest" tests="8" failures="0" timestamp="2022-01-13T13:22:40 IST" time="7.409" errors="1">
  <testcase name="validateUSDollarCurrencyfunc" time="0.000" classname="com.psl.OpenCart.Tests.FinalTest">
    <skipped/>
  </testcase> <!-- validateUSDollarCurrencyfunc -->
  <system-out/>
  <testcase name="setup" time="7.409" classname="com.psl.OpenCart.Tests.FinalTest">
    <error type="java.lang.NoSuchMethodError" message="org.openqa.selenium.support.PageFactory.initElements(Lorg/openqa/selenium/SearchContext;Ljava/lang/Object;)V">
      <![CDATA[java.lang.NoSuchMethodError: org.openqa.selenium.support.PageFactory.initElements(Lorg/openqa/selenium/SearchContext;Ljava/lang/Object;)V
at com.psl.OpenCart.pages.ShoppingCartPF.<init>(ShoppingCartPF.java:54)
at com.psl.OpenCart.Tests.FinalTest.setup(FinalTest.java:71)
at sun.reflect.NativeMethodAccessorImpl.invoke0(Native Method)
at sun.reflect.NativeMethodAccessorImpl.invoke(NativeMethodAccessorImpl.java:62)
at sun.reflect.DelegatingMethodAccessorImpl.invoke(DelegatingMethodAccessorImpl.java:43)
at java.lang.reflect.Method.invoke(Method.java:498)
at org.testng.internal.MethodInvocationHelper.invokeMethod(MethodInvocationHelper.java:133)
at org.testng.internal.MethodInvocationHelper.invokeMethodConsideringTimeout(MethodInvocationHelper.java:62)
at org.testng.internal.ConfigInvoker.invokeConfigurationMethod(ConfigInvoker.java:385)
at org.testng.internal.ConfigInvoker.invokeConfigurations(ConfigInvoker.java:321)
at org.testng.TestRunner.invokeTestConfigurations(TestRunner.java:637)
at org.testng.TestRunner.beforeRun(TestRunner.java:627)
at org.testng.TestRunner.run(TestRunner.java:589)
at org.testng.SuiteRunner.runTest(SuiteRunner.java:377)
at org.testng.SuiteRunner.runSequentially(SuiteRunner.java:371)
at org.testng.SuiteRunner.privateRun(SuiteRunner.java:332)
at org.testng.SuiteRunner.run(SuiteRunner.java:276)
at org.testng.SuiteRunnerWorker.runSuite(SuiteRunnerWorker.java:53)
at org.testng.SuiteRunnerWorker.run(SuiteRunnerWorker.java:96)
at org.testng.TestNG.runSuitesSequentially(TestNG.java:1212)
at org.testng.TestNG.runSuitesLocally(TestNG.java:1134)
at org.testng.TestNG.runSuites(TestNG.java:1063)
at org.testng.TestNG.run(TestNG.java:1031)
at org.testng.remote.AbstractRemoteTestNG.run(AbstractRemoteTestNG.java:115)
at org.testng.remote.RemoteTestNG.initAndRun(RemoteTestNG.java:251)
at org.testng.remote.RemoteTestNG.main(RemoteTestNG.java:77)
]]>
    </error>
  </testcase> <!-- setup -->
  <system-out/>
  <testcase name="validatePoundCurrencyfunc" time="0.000" classname="com.psl.OpenCart.Tests.FinalTest">
    <skipped/>
  </testcase> <!-- validatePoundCurrencyfunc -->
  <system-out/>
  <testcase name="validateEuroCurrencyfunc" time="0.000" classname="com.psl.OpenCart.Tests.FinalTest">
    <skipped/>
  </testcase> <!-- validateEuroCurrencyfunc -->
  <system-out/>
  <testcase name="validateShoppingCartPFUpdateFunc" time="0.000" classname="com.psl.OpenCart.Tests.FinalTest">
    <skipped/>
  </testcase> <!-- validateShoppingCartPFUpdateFunc -->
  <system-out/>
  <testcase name="validateShoppingCartFinalTotalPriceCheck" time="0.000" classname="com.psl.OpenCart.Tests.FinalTest">
    <skipped/>
  </testcase> <!-- validateShoppingCartFinalTotalPriceCheck -->
  <system-out/>
  <testcase name="validateAddCouponFunc" time="0.000" classname="com.psl.OpenCart.Tests.FinalTest">
    <skipped/>
  </testcase> <!-- validateAddCouponFunc -->
  <system-out/>
  <testcase name="validateShoppingCartRemoveFunc" time="0.000" classname="com.psl.OpenCart.Tests.FinalTest">
    <skipped/>
  </testcase> <!-- validateShoppingCartRemoveFunc -->
  <system-out/>
</testsuite> <!-- com.psl.OpenCart.Tests.FinalTest -->
