<?xml version="1.0" encoding="UTF-8"?>
<!-- Generated by org.testng.reporters.JUnitReportReporter -->
<testsuite skipped="0" hostname="INBLL000516" name="com.psl.OpenCart.Tests.TestComponents" tests="3" failures="0" timestamp="2022-02-01T12:55:01 IST" time="22.671" errors="0">
  <testcase name="verifyComponentsModuleInHomePage" time="0.068" classname="com.psl.OpenCart.Tests.TestComponents"/>
  <system-out/>
  <testcase name="verifyComponentsIsClickable" time="0.980" classname="com.psl.OpenCart.Tests.TestComponents"/>
  <system-out/>
  <testcase name="addingToCart" time="21.623" classname="com.psl.OpenCart.Tests.TestComponents"/>
  <system-out/>
</testsuite> <!-- com.psl.OpenCart.Tests.TestComponents -->
