<?xml version="1.0" encoding="UTF-8"?>
<!-- Generated by org.testng.reporters.JUnitReportReporter -->
<testsuite skipped="0" hostname="INBLL000516" name="com.psl.OpenCart.Tests.PhonesAndPDAsTest" tests="2" failures="0" timestamp="2022-01-26T15:54:43 IST" time="3.218" errors="0">
  <testcase name="validateSelectPhonefunc" time="2.073" classname="com.psl.OpenCart.Tests.PhonesAndPDAsTest"/>
  <system-out/>
  <testcase name="validatePhonesAndPDAsfunc" time="1.145" classname="com.psl.OpenCart.Tests.PhonesAndPDAsTest"/>
  <system-out/>
</testsuite> <!-- com.psl.OpenCart.Tests.PhonesAndPDAsTest -->
