<?xml version="1.0" encoding="UTF-8"?>
<!-- Generated by org.testng.reporters.JUnitReportReporter -->
<testsuite skipped="0" hostname="INBLL000516" name="com.psl.OpenCart.Tests.TestContactUs" tests="2" failures="0" timestamp="2022-01-31T15:18:57 IST" time="17.979" errors="0">
  <testcase name="validContactform" time="7.695" classname="com.psl.OpenCart.Tests.TestContactUs"/>
  <system-out/>
  <testcase name="InvalidContactform" time="10.284" classname="com.psl.OpenCart.Tests.TestContactUs"/>
  <system-out/>
</testsuite> <!-- com.psl.OpenCart.Tests.TestContactUs -->
