<?xml version="1.0" encoding="UTF-8"?>
<!-- Generated by org.testng.reporters.JUnitReportReporter -->
<testsuite skipped="0" hostname="INBLL000516" name="com.psl.OpenCart.Tests.TestModules" tests="16" failures="0" timestamp="2022-01-26T18:03:14 IST" time="42.016" errors="0">
  <testcase name="validateContactformValid" time="7.300" classname="com.psl.OpenCart.Tests.TestModules"/>
  <system-out/>
  <testcase name="validateContactformInvalid" time="9.860" classname="com.psl.OpenCart.Tests.TestModules"/>
  <system-out/>
  <testcase name="validateLoginInvalidCred" time="1.531" classname="com.psl.OpenCart.Tests.TestModules"/>
  <system-out/>
  <testcase name="validateLoginBlankCred" time="1.021" classname="com.psl.OpenCart.Tests.TestModules"/>
  <system-out/>
  <testcase name="validateLoginValidCred" time="1.291" classname="com.psl.OpenCart.Tests.TestModules"/>
  <system-out/>
  <testcase name="validateCurrencyEurofunc" time="0.738" classname="com.psl.OpenCart.Tests.TestModules"/>
  <system-out/>
  <testcase name="validateCurrencyPoundfunc" time="0.740" classname="com.psl.OpenCart.Tests.TestModules"/>
  <system-out/>
  <testcase name="validateCurrencyUSDollarfunc" time="0.731" classname="com.psl.OpenCart.Tests.TestModules"/>
  <system-out/>
  <testcase name="searchFunction" time="3.404" classname="com.psl.OpenCart.Tests.TestModules"/>
  <system-out/>
  <testcase name="validatePhonesAndPDAsfunc" time="0.865" classname="com.psl.OpenCart.Tests.TestModules"/>
  <system-out/>
  <testcase name="validatePhoneSelectfunc" time="3.645" classname="com.psl.OpenCart.Tests.TestModules"/>
  <system-out/>
  <testcase name="validateShoppingCartEmpty" time="1.483" classname="com.psl.OpenCart.Tests.TestModules"/>
  <system-out/>
  <testcase name="validateShoppingCartPFUpdateFunc" time="1.751" classname="com.psl.OpenCart.Tests.TestModules"/>
  <system-out/>
  <testcase name="validateShoppingCartRemoveFunc" time="0.644" classname="com.psl.OpenCart.Tests.TestModules"/>
  <system-out/>
  <testcase name="validateEditAccInfoValid" time="6.444" classname="com.psl.OpenCart.Tests.TestModules"/>
  <system-out/>
  <testcase name="LogoutFunction" time="0.568" classname="com.psl.OpenCart.Tests.TestModules"/>
  <system-out/>
</testsuite> <!-- com.psl.OpenCart.Tests.TestModules -->
