<?xml version="1.0" encoding="UTF-8"?>
<!-- Generated by org.testng.reporters.JUnitReportReporter -->
<testsuite skipped="0" hostname="INBLL000516" name="com.psl.OpenCart.Tests.TestCurrency" tests="3" failures="0" timestamp="2022-01-31T15:20:06 IST" time="2.998" errors="0">
  <testcase name="validatePoundCurrencyfunc" time="0.990" classname="com.psl.OpenCart.Tests.TestCurrency"/>
  <system-out/>
  <testcase name="validateEuroCurrencyfunc" time="1.050" classname="com.psl.OpenCart.Tests.TestCurrency"/>
  <system-out/>
  <testcase name="validateUSDollarCurrencyfunc" time="0.958" classname="com.psl.OpenCart.Tests.TestCurrency"/>
  <system-out/>
</testsuite> <!-- com.psl.OpenCart.Tests.TestCurrency -->
