<?xml version="1.0" encoding="UTF-8"?>
<!-- Generated by org.testng.reporters.JUnitReportReporter -->
<testsuite skipped="0" hostname="INBLL000516" name="com.psl.OpenCart.Tests.TestCameraPage" tests="5" failures="0" timestamp="2022-01-31T15:16:10 IST" time="45.673" errors="0">
  <testcase name="openBrowserTest" time="7.267" classname="com.psl.OpenCart.Tests.TestCameraPage"/>
  <system-out/>
  <testcase name="viewcameras" time="1.054" classname="com.psl.OpenCart.Tests.TestCameraPage"/>
  <system-out/>
  <testcase name="openCameras" time="36.097" classname="com.psl.OpenCart.Tests.TestCameraPage"/>
  <system-out/>
  <testcase name="sort" time="1.174" classname="com.psl.OpenCart.Tests.TestCameraPage"/>
  <system-out/>
  <testcase name="closeBrowser" time="0.081" classname="com.psl.OpenCart.Tests.TestCameraPage"/>
  <system-out/>
</testsuite> <!-- com.psl.OpenCart.Tests.TestCameraPage -->
