<?xml version="1.0" encoding="UTF-8"?>
<!-- Generated by org.testng.reporters.JUnitReportReporter -->
<testsuite skipped="0" hostname="INBLL000516" name="com.psl.OpenCart.Tests.TestCurrency" tests="3" failures="0" timestamp="2022-01-12T16:02:34 IST" time="2.463" errors="0">
  <testcase name="testEuroCurrency" time="0.946" classname="com.psl.OpenCart.Tests.TestCurrency"/>
  <system-out/>
  <testcase name="testPoundCurrency" time="0.761" classname="com.psl.OpenCart.Tests.TestCurrency"/>
  <system-out/>
  <testcase name="testDollarCurrency" time="0.756" classname="com.psl.OpenCart.Tests.TestCurrency"/>
  <system-out/>
</testsuite> <!-- com.psl.OpenCart.Tests.TestCurrency -->
