<?xml version="1.0" encoding="UTF-8"?>
<!-- Generated by org.testng.reporters.JUnitReportReporter -->
<testsuite skipped="0" hostname="INBLL000516" name="com.psl.OpenCart.Tests.TestLoginSearchLogout" tests="5" failures="0" timestamp="2022-01-26T15:42:32 IST" time="8.890" errors="0">
  <testcase name="LoginWithInvalidCred" time="2.100" classname="com.psl.OpenCart.Tests.TestLoginSearchLogout"/>
  <system-out/>
  <testcase name="LoginWithBlankField" time="1.273" classname="com.psl.OpenCart.Tests.TestLoginSearchLogout"/>
  <system-out/>
  <testcase name="LoginWithValidCred" time="1.432" classname="com.psl.OpenCart.Tests.TestLoginSearchLogout"/>
  <system-out/>
  <testcase name="searchFunction" time="3.396" classname="com.psl.OpenCart.Tests.TestLoginSearchLogout"/>
  <system-out/>
  <testcase name="LogoutFunction" time="0.689" classname="com.psl.OpenCart.Tests.TestLoginSearchLogout"/>
  <system-out/>
</testsuite> <!-- com.psl.OpenCart.Tests.TestLoginSearchLogout -->
