<?xml version="1.0" encoding="UTF-8"?>
<!-- Generated by org.testng.reporters.JUnitReportReporter -->
<testsuite skipped="0" hostname="INBLL000516" name="com.psl.OpenCart.Tests.TestPhonesAndPDAs" tests="2" failures="0" timestamp="2022-01-31T15:14:11 IST" time="39.252" errors="0">
  <testcase name="validatePhonesAndPDAsfunc" time="0.664" classname="com.psl.OpenCart.Tests.TestPhonesAndPDAs"/>
  <system-out/>
  <testcase name="validateSelectPhonefunc" time="38.588" classname="com.psl.OpenCart.Tests.TestPhonesAndPDAs"/>
  <system-out/>
</testsuite> <!-- com.psl.OpenCart.Tests.TestPhonesAndPDAs -->
