<?xml version="1.0" encoding="UTF-8"?>
<!-- Generated by org.testng.reporters.JUnitReportReporter -->
<testsuite skipped="0" hostname="INBLL000516" name="com.psl.OpenCart.Tests.FinalTest" tests="16" failures="0" timestamp="2022-01-26T16:38:14 IST" time="38.221" errors="0">
  <testcase name="validateContactformValid" time="7.708" classname="com.psl.OpenCart.Tests.FinalTest"/>
  <system-out/>
  <testcase name="validateContactformInvalid" time="10.022" classname="com.psl.OpenCart.Tests.FinalTest"/>
  <system-out/>
  <testcase name="validateLoginInvalidCred" time="1.749" classname="com.psl.OpenCart.Tests.FinalTest"/>
  <system-out/>
  <testcase name="validateLoginBlankCred" time="1.427" classname="com.psl.OpenCart.Tests.FinalTest"/>
  <system-out/>
  <testcase name="validateLoginValidCred" time="1.976" classname="com.psl.OpenCart.Tests.FinalTest"/>
  <system-out/>
  <testcase name="validateCurrencyEurofunc" time="0.831" classname="com.psl.OpenCart.Tests.FinalTest"/>
  <system-out/>
  <testcase name="validateCurrencyPoundfunc" time="0.794" classname="com.psl.OpenCart.Tests.FinalTest"/>
  <system-out/>
  <testcase name="validateCurrencyUSDollarfunc" time="0.753" classname="com.psl.OpenCart.Tests.FinalTest"/>
  <system-out/>
  <testcase name="searchFunction" time="3.526" classname="com.psl.OpenCart.Tests.FinalTest"/>
  <system-out/>
  <testcase name="validatePhonesAndPDAsfunc" time="0.824" classname="com.psl.OpenCart.Tests.FinalTest"/>
  <system-out/>
  <testcase name="validatePhoneSelectfunc" time="2.213" classname="com.psl.OpenCart.Tests.FinalTest"/>
  <system-out/>
  <testcase name="validateShoppingCartEmpty" time="1.734" classname="com.psl.OpenCart.Tests.FinalTest"/>
  <system-out/>
  <testcase name="validateShoppingCartPFUpdateFunc" time="2.225" classname="com.psl.OpenCart.Tests.FinalTest"/>
  <system-out/>
  <testcase name="validateShoppingCartRemoveFunc" time="0.796" classname="com.psl.OpenCart.Tests.FinalTest"/>
  <system-out/>
  <testcase name="validateEditAccInfoValid" time="0.843" classname="com.psl.OpenCart.Tests.FinalTest"/>
  <system-out/>
  <testcase name="LogoutFunction" time="0.800" classname="com.psl.OpenCart.Tests.FinalTest"/>
  <system-out/>
</testsuite> <!-- com.psl.OpenCart.Tests.FinalTest -->
