<?xml version="1.0" encoding="UTF-8"?>
<!-- Generated by org.testng.reporters.JUnitReportReporter -->
<testsuite skipped="0" hostname="INBLL000516" name="com.psl.OpenCart.Tests.LoginPFTest" tests="3" failures="0" timestamp="2022-01-25T11:30:46 IST" time="9.196" errors="0">
  <testcase name="validateLoginInvalidCred" time="2.531" classname="com.psl.OpenCart.Tests.LoginPFTest"/>
  <system-out/>
  <testcase name="validateLoginBlankCred" time="3.922" classname="com.psl.OpenCart.Tests.LoginPFTest"/>
  <system-out/>
  <testcase name="validateLoginValidCred" time="2.743" classname="com.psl.OpenCart.Tests.LoginPFTest"/>
  <system-out/>
</testsuite> <!-- com.psl.OpenCart.Tests.LoginPFTest -->
